<?xml version="1.0" encoding="UTF-8"?>
<testsuite xmlns:xsi="http://www.w3.org/2001/XMLSchema-instance" xsi:noNamespaceSchemaLocation="https://maven.apache.org/surefire/maven-surefire-plugin/xsd/surefire-test-report.xsd" version="3.0.2" name="io.gdpags5.rrs.ReservationControllerTest" time="4.681" tests="4" errors="0" skipped="0" failures="0">
  <properties>
[...]
</properties>
  <testcase name="shouldCancelReservation" classname="io.gdpags5.rrs.ReservationControllerTest" time="0.343">
    <system-out><![CDATA[10:16:37.254 [main] INFO org.springframework.boot.test.context.SpringBootTestContextBootstrapper -- Found @SpringBootConfiguration io.gdpags5.rrs.RestaurantReservationSystemApplication for test class io.gdpags5.rrs.ReservationControllerTest

  .   ____          _            __ _ _
 /\\ / ___'_ __ _ _(_)_ __  __ _ \ \ \ \
( ( )\___ | '_ | '_| | '_ \/ _` | \ \ \ \
 \\/  ___)| |_)| | | | | || (_| |  ) ) ) )
  '  |____| .__|_| |_|_| |_\__, | / / / /
 =========|_|==============|___/=/_/_/_/

 :: Spring Boot ::                (v3.5.7)

2025-11-07T10:16:37.634+08:00  INFO 12092 --- [Restaurant Reservation System] [           main] i.gdpags5.rrs.ReservationControllerTest  : Starting ReservationControllerTest using Java 17.0.11 with PID 12092 (started by gdpag in C:\Users\gdpag\Projects\restaurant-reservation-system)
2025-11-07T10:16:37.635+08:00  INFO 12092 --- [Restaurant Reservation System] [           main] i.gdpags5.rrs.ReservationControllerTest  : No active profile set, falling back to 1 default profile: "default"
2025-11-07T10:16:40.735+08:00  INFO 12092 --- [Restaurant Reservation System] [           main] o.s.b.t.m.w.SpringBootMockServletContext : Initializing Spring TestDispatcherServlet ''
2025-11-07T10:16:40.735+08:00  INFO 12092 --- [Restaurant Reservation System] [           main] o.s.t.web.servlet.TestDispatcherServlet  : Initializing Servlet ''
2025-11-07T10:16:40.741+08:00  INFO 12092 --- [Restaurant Reservation System] [           main] o.s.t.web.servlet.TestDispatcherServlet  : Completed initialization in 3 ms
2025-11-07T10:16:40.855+08:00  INFO 12092 --- [Restaurant Reservation System] [           main] i.gdpags5.rrs.ReservationControllerTest  : Started ReservationControllerTest in 3.531 seconds (process running for 4.445)
]]></system-out>
  </testcase>
  <testcase name="shouldCreateNewReservation" classname="io.gdpags5.rrs.ReservationControllerTest" time="0.369"/>
  <testcase name="shouldFindReservationsByCustomerId" classname="io.gdpags5.rrs.ReservationControllerTest" time="0.02"/>
  <testcase name="shouldUpdateReservation" classname="io.gdpags5.rrs.ReservationControllerTest" time="0.008"/>
</testsuite>